2025-08-05 13:55:31.900 +02:00 [INF] Resetting the database...
2025-08-05 13:55:35.614 +02:00 [INF] Acquiring an exclusive lock for migration application. See https://aka.ms/efcore-docs-migrations-lock for more information if this takes too long.
2025-08-05 13:55:35.682 +02:00 [INF] Applying migration '20250805112344_InitialCreate'.
2025-08-05 13:55:35.942 +02:00 [INF] Database faked with default order.
2025-08-05 13:55:36.000 +02:00 [INF] Now listening on: https://localhost:7191
2025-08-05 13:55:36.000 +02:00 [INF] Now listening on: http://localhost:5208
2025-08-05 13:55:36.003 +02:00 [INF] No action descriptors found. This may indicate an incorrectly configured application or missing application parts. To learn more, visit https://aka.ms/aspnet/mvc/app-parts
2025-08-05 13:55:36.046 +02:00 [INF] Application started. Press Ctrl+C to shut down.
2025-08-05 13:55:36.046 +02:00 [INF] Hosting environment: Development
2025-08-05 13:55:36.046 +02:00 [INF] Content root path: D:\dev\CodeChallenge.Microservices\Order.Service.Api
2025-08-05 13:55:41.620 +02:00 [INF] Resetting the database...
2025-08-05 13:55:42.445 +02:00 [INF] Acquiring an exclusive lock for migration application. See https://aka.ms/efcore-docs-migrations-lock for more information if this takes too long.
2025-08-05 13:55:42.515 +02:00 [INF] Applying migration '20250805112344_InitialCreate'.
2025-08-05 13:55:42.785 +02:00 [INF] Database faked with default order.
2025-08-05 13:55:42.846 +02:00 [INF] Now listening on: https://localhost:7191
2025-08-05 13:55:42.846 +02:00 [INF] Now listening on: http://localhost:5208
2025-08-05 13:55:42.849 +02:00 [INF] No action descriptors found. This may indicate an incorrectly configured application or missing application parts. To learn more, visit https://aka.ms/aspnet/mvc/app-parts
2025-08-05 13:55:42.885 +02:00 [INF] Request starting HTTP/2 GET https://localhost:7191/swagger/index.html - null null
2025-08-05 13:55:42.894 +02:00 [INF] Application started. Press Ctrl+C to shut down.
2025-08-05 13:55:42.894 +02:00 [INF] Hosting environment: Development
2025-08-05 13:55:42.894 +02:00 [INF] Content root path: D:\dev\CodeChallenge.Microservices\Order.Service.Api
2025-08-05 13:55:42.969 +02:00 [INF] Request finished HTTP/2 GET https://localhost:7191/swagger/index.html - 200 null text/html;charset=utf-8 84.8429ms
2025-08-05 13:55:42.981 +02:00 [INF] Request starting HTTP/2 GET https://localhost:7191/_framework/aspnetcore-browser-refresh.js - null null
2025-08-05 13:55:42.983 +02:00 [INF] Request starting HTTP/2 GET https://localhost:7191/_vs/browserLink - null null
2025-08-05 13:55:42.985 +02:00 [INF] Request finished HTTP/2 GET https://localhost:7191/_framework/aspnetcore-browser-refresh.js - 200 16519 application/javascript; charset=utf-8 3.8954ms
2025-08-05 13:55:42.998 +02:00 [INF] Request finished HTTP/2 GET https://localhost:7191/_vs/browserLink - 200 null text/javascript; charset=UTF-8 15.1618ms
2025-08-05 13:55:43.286 +02:00 [INF] Request starting HTTP/2 GET https://localhost:7191/swagger/v1/swagger.json - null null
2025-08-05 13:55:43.291 +02:00 [INF] Request finished HTTP/2 GET https://localhost:7191/swagger/v1/swagger.json - 200 null application/json;charset=utf-8 5.0968ms
2025-08-05 13:55:43.320 +02:00 [INF] Request starting HTTP/1.1 POST https://localhost:7191/orders - application/json; charset=utf-8 null
2025-08-05 13:55:43.324 +02:00 [INF] Executing endpoint 'HTTP: POST /orders'
2025-08-05 13:55:43.333 +02:00 [WRN] You do not have a valid license key for the Lucky Penny software MediatR. This is allowed for development and testing scenarios. If you are running in production you are required to have a licensed version. Please visit https://luckypennysoftware.com to obtain a valid license.
2025-08-05 13:55:43.349 +02:00 [INF] Handling CreateOrderCommandRequest
2025-08-05 13:55:43.438 +02:00 [INF] Handled CreateOrderCommandRequest
2025-08-05 13:55:43.440 +02:00 [INF] Setting HTTP status code 201.
2025-08-05 13:55:43.443 +02:00 [INF] Writing value of type 'CreateOrderResponse' as Json.
2025-08-05 13:55:43.446 +02:00 [INF] Executed endpoint 'HTTP: POST /orders'
2025-08-05 13:55:43.447 +02:00 [INF] Request finished HTTP/1.1 POST https://localhost:7191/orders - 201 null application/json; charset=utf-8 126.7012ms
2025-08-05 13:55:43.469 +02:00 [INF] Request starting HTTP/1.1 GET https://localhost:7191/orders/55cb03a7-adc0-47c9-a462-1a3aa98eec57 - null null
2025-08-05 13:55:43.469 +02:00 [INF] Executing endpoint 'HTTP: GET /orders/{orderNumber:guid}'
2025-08-05 13:55:43.474 +02:00 [INF] Handling GetOrderByIdQueryRequest
2025-08-05 13:55:43.634 +02:00 [INF] Handled GetOrderByIdQueryRequest
2025-08-05 13:55:43.634 +02:00 [INF] Setting HTTP status code 200.
2025-08-05 13:55:43.636 +02:00 [INF] Writing value of type 'OrderResponse' as Json.
2025-08-05 13:55:43.638 +02:00 [INF] Executed endpoint 'HTTP: GET /orders/{orderNumber:guid}'
2025-08-05 13:55:43.638 +02:00 [INF] Request finished HTTP/1.1 GET https://localhost:7191/orders/55cb03a7-adc0-47c9-a462-1a3aa98eec57 - 200 null application/json; charset=utf-8 169.6681ms
2025-08-05 13:55:43.655 +02:00 [INF] Request starting HTTP/1.1 DELETE https://localhost:7191/orders/55cb03a7-adc0-47c9-a462-1a3aa98eec57 - null null
2025-08-05 13:55:43.656 +02:00 [INF] Executing endpoint 'HTTP: DELETE /orders/{orderNumber:guid}'
2025-08-05 13:55:43.659 +02:00 [INF] Handling DeleteOrderCommandRequest
2025-08-05 13:55:43.703 +02:00 [INF] Handled DeleteOrderCommandRequest
2025-08-05 13:55:43.703 +02:00 [INF] Setting HTTP status code 204.
2025-08-05 13:55:43.703 +02:00 [INF] Executed endpoint 'HTTP: DELETE /orders/{orderNumber:guid}'
2025-08-05 13:55:43.703 +02:00 [INF] Request finished HTTP/1.1 DELETE https://localhost:7191/orders/55cb03a7-adc0-47c9-a462-1a3aa98eec57 - 204 null null 47.7454ms
2025-08-05 13:55:43.717 +02:00 [INF] Request starting HTTP/1.1 GET https://localhost:7191/orders/b78ce075-64ff-459e-9f52-699c33616d87 - null null
2025-08-05 13:55:43.717 +02:00 [INF] Executing endpoint 'HTTP: GET /orders/{orderNumber:guid}'
2025-08-05 13:55:43.718 +02:00 [INF] Handling GetOrderByIdQueryRequest
2025-08-05 13:55:43.722 +02:00 [INF] Handled GetOrderByIdQueryRequest
2025-08-05 13:55:43.722 +02:00 [INF] Setting HTTP status code 404.
2025-08-05 13:55:43.722 +02:00 [INF] Executed endpoint 'HTTP: GET /orders/{orderNumber:guid}'
2025-08-05 13:55:43.723 +02:00 [INF] Request finished HTTP/1.1 GET https://localhost:7191/orders/b78ce075-64ff-459e-9f52-699c33616d87 - 404 0 null 6.0564ms
2025-08-05 13:55:43.728 +02:00 [INF] Request starting HTTP/1.1 POST https://localhost:7191/orders - application/json; charset=utf-8 null
2025-08-05 13:55:43.728 +02:00 [INF] Executing endpoint 'HTTP: POST /orders'
2025-08-05 13:55:43.729 +02:00 [INF] Handling CreateOrderCommandRequest
2025-08-05 13:55:43.735 +02:00 [INF] Handled CreateOrderCommandRequest
2025-08-05 13:55:43.735 +02:00 [INF] Setting HTTP status code 201.
2025-08-05 13:55:43.735 +02:00 [INF] Writing value of type 'CreateOrderResponse' as Json.
2025-08-05 13:55:43.735 +02:00 [INF] Executed endpoint 'HTTP: POST /orders'
2025-08-05 13:55:43.735 +02:00 [INF] Request finished HTTP/1.1 POST https://localhost:7191/orders - 201 null application/json; charset=utf-8 7.1864ms
2025-08-05 13:55:43.737 +02:00 [INF] Request starting HTTP/1.1 DELETE https://localhost:7191/orders/90825ebd-1d64-462e-a849-6d09733361cf - null null
2025-08-05 13:55:43.737 +02:00 [INF] Executing endpoint 'HTTP: DELETE /orders/{orderNumber:guid}'
2025-08-05 13:55:43.738 +02:00 [INF] Handling DeleteOrderCommandRequest
2025-08-05 13:55:43.744 +02:00 [INF] Handled DeleteOrderCommandRequest
2025-08-05 13:55:43.745 +02:00 [INF] Setting HTTP status code 204.
2025-08-05 13:55:43.745 +02:00 [INF] Executed endpoint 'HTTP: DELETE /orders/{orderNumber:guid}'
2025-08-05 13:55:43.745 +02:00 [INF] Request finished HTTP/1.1 DELETE https://localhost:7191/orders/90825ebd-1d64-462e-a849-6d09733361cf - 204 null null 7.4817ms
2025-08-05 13:55:55.967 +02:00 [INF] Resetting the database...
2025-08-05 13:55:56.728 +02:00 [INF] Acquiring an exclusive lock for migration application. See https://aka.ms/efcore-docs-migrations-lock for more information if this takes too long.
2025-08-05 13:55:56.801 +02:00 [INF] Applying migration '20250805112344_InitialCreate'.
2025-08-05 13:55:57.073 +02:00 [INF] Database faked with default order.
2025-08-05 13:55:57.141 +02:00 [INF] Now listening on: https://localhost:7191
2025-08-05 13:55:57.141 +02:00 [INF] Now listening on: http://localhost:5208
2025-08-05 13:55:57.145 +02:00 [INF] No action descriptors found. This may indicate an incorrectly configured application or missing application parts. To learn more, visit https://aka.ms/aspnet/mvc/app-parts
2025-08-05 13:55:57.186 +02:00 [INF] Application started. Press Ctrl+C to shut down.
2025-08-05 13:55:57.186 +02:00 [INF] Hosting environment: Development
2025-08-05 13:55:57.186 +02:00 [INF] Content root path: D:\dev\CodeChallenge.Microservices\Order.Service.Api
2025-08-05 13:55:57.219 +02:00 [INF] Request starting HTTP/2 GET https://localhost:7191/swagger/index.html - null null
2025-08-05 13:55:57.300 +02:00 [INF] Request finished HTTP/2 GET https://localhost:7191/swagger/index.html - 200 null text/html;charset=utf-8 82.3884ms
2025-08-05 13:55:57.309 +02:00 [INF] Request starting HTTP/2 GET https://localhost:7191/_framework/aspnetcore-browser-refresh.js - null null
2025-08-05 13:55:57.309 +02:00 [INF] Request starting HTTP/2 GET https://localhost:7191/_vs/browserLink - null null
2025-08-05 13:55:57.314 +02:00 [INF] Request finished HTTP/2 GET https://localhost:7191/_framework/aspnetcore-browser-refresh.js - 200 16519 application/javascript; charset=utf-8 5.0896ms
2025-08-05 13:55:57.323 +02:00 [INF] Request finished HTTP/2 GET https://localhost:7191/_vs/browserLink - 200 null text/javascript; charset=UTF-8 14.4779ms
2025-08-05 13:55:57.456 +02:00 [INF] Request starting HTTP/2 GET https://localhost:7191/swagger/v1/swagger.json - null null
2025-08-05 13:55:57.461 +02:00 [INF] Request finished HTTP/2 GET https://localhost:7191/swagger/v1/swagger.json - 200 null application/json;charset=utf-8 4.2196ms
2025-08-05 14:28:38.325 +02:00 [INF] Request starting HTTP/2 GET https://localhost:7191/_framework/aspnetcore-browser-refresh.js - null null
2025-08-05 14:28:38.326 +02:00 [INF] Request finished HTTP/2 GET https://localhost:7191/_framework/aspnetcore-browser-refresh.js - 200 16519 application/javascript; charset=utf-8 0.7184ms
2025-08-05 14:28:38.326 +02:00 [INF] Request starting HTTP/2 GET https://localhost:7191/_vs/browserLink - null null
2025-08-05 14:28:38.336 +02:00 [INF] Request finished HTTP/2 GET https://localhost:7191/_vs/browserLink - 200 null text/javascript; charset=UTF-8 10.1267ms
2025-08-05 14:28:38.443 +02:00 [INF] Request starting HTTP/2 GET https://localhost:7191/swagger/v1/swagger.json - null null
2025-08-05 14:28:38.448 +02:00 [INF] Request finished HTTP/2 GET https://localhost:7191/swagger/v1/swagger.json - 200 null application/json;charset=utf-8 4.5581ms
2025-08-05 15:56:57.743 +02:00 [INF] Resetting the database...
2025-08-05 15:57:00.258 +02:00 [INF] Acquiring an exclusive lock for migration application. See https://aka.ms/efcore-docs-migrations-lock for more information if this takes too long.
2025-08-05 15:57:00.337 +02:00 [INF] Applying migration '20250805112344_InitialCreate'.
2025-08-05 15:57:00.694 +02:00 [INF] Database faked with default order.
2025-08-05 15:57:00.775 +02:00 [INF] Now listening on: https://localhost:7191
2025-08-05 15:57:00.775 +02:00 [INF] Now listening on: http://localhost:5208
2025-08-05 15:57:00.778 +02:00 [INF] No action descriptors found. This may indicate an incorrectly configured application or missing application parts. To learn more, visit https://aka.ms/aspnet/mvc/app-parts
2025-08-05 15:57:00.824 +02:00 [INF] Application started. Press Ctrl+C to shut down.
2025-08-05 15:57:00.824 +02:00 [INF] Hosting environment: Development
2025-08-05 15:57:00.824 +02:00 [INF] Content root path: D:\dev\challenges\Code-Challenges\CodeChallenge.Microservices\Order.Service.Api
2025-08-05 15:57:03.785 +02:00 [INF] Resetting the database...
2025-08-05 15:57:04.677 +02:00 [INF] Acquiring an exclusive lock for migration application. See https://aka.ms/efcore-docs-migrations-lock for more information if this takes too long.
2025-08-05 15:57:04.753 +02:00 [INF] Applying migration '20250805112344_InitialCreate'.
2025-08-05 15:57:05.044 +02:00 [INF] Database faked with default order.
2025-08-05 15:57:05.106 +02:00 [INF] Now listening on: https://localhost:7191
2025-08-05 15:57:05.106 +02:00 [INF] Now listening on: http://localhost:5208
2025-08-05 15:57:05.109 +02:00 [INF] No action descriptors found. This may indicate an incorrectly configured application or missing application parts. To learn more, visit https://aka.ms/aspnet/mvc/app-parts
2025-08-05 15:57:05.153 +02:00 [INF] Application started. Press Ctrl+C to shut down.
2025-08-05 15:57:05.153 +02:00 [INF] Hosting environment: Development
2025-08-05 15:57:05.153 +02:00 [INF] Content root path: D:\dev\challenges\Code-Challenges\CodeChallenge.Microservices\Order.Service.Api
2025-08-05 15:57:05.669 +02:00 [INF] Request starting HTTP/1.1 POST https://localhost:7191/orders - application/json; charset=utf-8 null
2025-08-05 15:57:05.694 +02:00 [INF] Executing endpoint 'HTTP: POST /orders'
2025-08-05 15:57:05.703 +02:00 [WRN] You do not have a valid license key for the Lucky Penny software MediatR. This is allowed for development and testing scenarios. If you are running in production you are required to have a licensed version. Please visit https://luckypennysoftware.com to obtain a valid license.
2025-08-05 15:57:05.722 +02:00 [INF] Handling CreateOrderCommandRequest
2025-08-05 15:57:06.051 +02:00 [INF] Handled CreateOrderCommandRequest
2025-08-05 15:57:06.053 +02:00 [INF] Setting HTTP status code 201.
2025-08-05 15:57:06.056 +02:00 [INF] Writing value of type 'CreateOrderResponse' as Json.
2025-08-05 15:57:06.060 +02:00 [INF] Executed endpoint 'HTTP: POST /orders'
2025-08-05 15:57:06.062 +02:00 [INF] Request finished HTTP/1.1 POST https://localhost:7191/orders - 201 null application/json; charset=utf-8 393.8959ms
2025-08-05 15:57:06.296 +02:00 [INF] Request starting HTTP/1.1 GET https://localhost:7191/orders/25b34b2d-b411-4961-ab40-89f62526adf9 - null null
2025-08-05 15:57:06.298 +02:00 [INF] Executing endpoint 'HTTP: GET /orders/{orderNumber:guid}'
2025-08-05 15:57:06.303 +02:00 [INF] Handling GetOrderByIdQueryRequest
2025-08-05 15:57:06.477 +02:00 [INF] Handled GetOrderByIdQueryRequest
2025-08-05 15:57:06.477 +02:00 [INF] Setting HTTP status code 200.
2025-08-05 15:57:06.479 +02:00 [INF] Writing value of type 'OrderResponse' as Json.
2025-08-05 15:57:06.481 +02:00 [INF] Executed endpoint 'HTTP: GET /orders/{orderNumber:guid}'
2025-08-05 15:57:06.481 +02:00 [INF] Request finished HTTP/1.1 GET https://localhost:7191/orders/25b34b2d-b411-4961-ab40-89f62526adf9 - 200 null application/json; charset=utf-8 185.1534ms
2025-08-05 15:57:06.498 +02:00 [INF] Request starting HTTP/1.1 DELETE https://localhost:7191/orders/25b34b2d-b411-4961-ab40-89f62526adf9 - null null
2025-08-05 15:57:06.499 +02:00 [INF] Executing endpoint 'HTTP: DELETE /orders/{orderNumber:guid}'
2025-08-05 15:57:06.503 +02:00 [INF] Handling DeleteOrderCommandRequest
2025-08-05 15:57:06.553 +02:00 [INF] Handled DeleteOrderCommandRequest
2025-08-05 15:57:06.553 +02:00 [INF] Setting HTTP status code 204.
2025-08-05 15:57:06.553 +02:00 [INF] Executed endpoint 'HTTP: DELETE /orders/{orderNumber:guid}'
2025-08-05 15:57:06.553 +02:00 [INF] Request finished HTTP/1.1 DELETE https://localhost:7191/orders/25b34b2d-b411-4961-ab40-89f62526adf9 - 204 null null 55.1748ms
2025-08-05 15:57:06.569 +02:00 [INF] Request starting HTTP/1.1 GET https://localhost:7191/orders/1b7ba3f8-5246-4c88-936b-0a5cb542aedc - null null
2025-08-05 15:57:06.569 +02:00 [INF] Executing endpoint 'HTTP: GET /orders/{orderNumber:guid}'
2025-08-05 15:57:06.570 +02:00 [INF] Handling GetOrderByIdQueryRequest
2025-08-05 15:57:06.574 +02:00 [INF] Handled GetOrderByIdQueryRequest
2025-08-05 15:57:06.575 +02:00 [INF] Setting HTTP status code 404.
2025-08-05 15:57:06.575 +02:00 [INF] Executed endpoint 'HTTP: GET /orders/{orderNumber:guid}'
2025-08-05 15:57:06.575 +02:00 [INF] Request finished HTTP/1.1 GET https://localhost:7191/orders/1b7ba3f8-5246-4c88-936b-0a5cb542aedc - 404 0 null 6.2249ms
2025-08-05 15:57:06.580 +02:00 [INF] Request starting HTTP/1.1 POST https://localhost:7191/orders - application/json; charset=utf-8 null
2025-08-05 15:57:06.581 +02:00 [INF] Executing endpoint 'HTTP: POST /orders'
2025-08-05 15:57:06.582 +02:00 [INF] Handling CreateOrderCommandRequest
2025-08-05 15:57:06.587 +02:00 [INF] Handled CreateOrderCommandRequest
2025-08-05 15:57:06.587 +02:00 [INF] Setting HTTP status code 201.
2025-08-05 15:57:06.587 +02:00 [INF] Writing value of type 'CreateOrderResponse' as Json.
2025-08-05 15:57:06.587 +02:00 [INF] Executed endpoint 'HTTP: POST /orders'
2025-08-05 15:57:06.587 +02:00 [INF] Request finished HTTP/1.1 POST https://localhost:7191/orders - 201 null application/json; charset=utf-8 6.5643ms
2025-08-05 15:57:06.589 +02:00 [INF] Request starting HTTP/1.1 DELETE https://localhost:7191/orders/b35d4467-f1dd-480f-8f22-107eb31e6ee7 - null null
2025-08-05 15:57:06.589 +02:00 [INF] Executing endpoint 'HTTP: DELETE /orders/{orderNumber:guid}'
2025-08-05 15:57:06.590 +02:00 [INF] Handling DeleteOrderCommandRequest
2025-08-05 15:57:06.594 +02:00 [INF] Handled DeleteOrderCommandRequest
2025-08-05 15:57:06.594 +02:00 [INF] Setting HTTP status code 204.
2025-08-05 15:57:06.594 +02:00 [INF] Executed endpoint 'HTTP: DELETE /orders/{orderNumber:guid}'
2025-08-05 15:57:06.595 +02:00 [INF] Request finished HTTP/1.1 DELETE https://localhost:7191/orders/b35d4467-f1dd-480f-8f22-107eb31e6ee7 - 204 null null 5.6137ms
2025-08-05 15:57:25.422 +02:00 [INF] Resetting the database...
2025-08-05 15:57:26.669 +02:00 [INF] Acquiring an exclusive lock for migration application. See https://aka.ms/efcore-docs-migrations-lock for more information if this takes too long.
2025-08-05 15:57:26.770 +02:00 [INF] Applying migration '20250805112344_InitialCreate'.
2025-08-05 15:57:27.117 +02:00 [INF] Database faked with default order.
2025-08-05 15:57:27.353 +02:00 [INF] Now listening on: https://localhost:7191
2025-08-05 15:57:27.354 +02:00 [INF] Now listening on: http://localhost:5208
2025-08-05 15:57:27.358 +02:00 [INF] No action descriptors found. This may indicate an incorrectly configured application or missing application parts. To learn more, visit https://aka.ms/aspnet/mvc/app-parts
2025-08-05 15:57:27.438 +02:00 [INF] Application started. Press Ctrl+C to shut down.
2025-08-05 15:57:27.438 +02:00 [INF] Hosting environment: Development
2025-08-05 15:57:27.438 +02:00 [INF] Content root path: D:\dev\challenges\Code-Challenges\CodeChallenge.Microservices\Order.Service.Api
2025-08-05 15:58:02.281 +02:00 [INF] Request starting HTTP/2 POST https://localhost:7191/orders - application/json 327
2025-08-05 15:58:02.380 +02:00 [INF] Executing endpoint 'HTTP: POST /orders'
2025-08-05 15:58:02.399 +02:00 [WRN] You do not have a valid license key for the Lucky Penny software MediatR. This is allowed for development and testing scenarios. If you are running in production you are required to have a licensed version. Please visit https://luckypennysoftware.com to obtain a valid license.
2025-08-05 15:58:02.435 +02:00 [INF] Handling CreateOrderCommandRequest
2025-08-05 15:58:02.639 +02:00 [INF] Handled CreateOrderCommandRequest
2025-08-05 15:58:02.645 +02:00 [INF] Setting HTTP status code 201.
2025-08-05 15:58:02.655 +02:00 [INF] Writing value of type 'CreateOrderResponse' as Json.
2025-08-05 15:58:02.661 +02:00 [INF] Executed endpoint 'HTTP: POST /orders'
2025-08-05 15:58:02.665 +02:00 [INF] Request finished HTTP/2 POST https://localhost:7191/orders - 201 null application/json; charset=utf-8 391.654ms
2025-08-05 15:58:31.922 +02:00 [INF] Request starting HTTP/2 GET https://localhost:7191/orders/18dd406c-02cc-4768-a2fd-183d1c2d2c58 - null null
2025-08-05 15:58:31.972 +02:00 [INF] Executing endpoint 'HTTP: GET /orders/{orderNumber:guid}'
2025-08-05 15:58:31.986 +02:00 [INF] Handling GetOrderByIdQueryRequest
2025-08-05 15:58:32.278 +02:00 [INF] Handled GetOrderByIdQueryRequest
2025-08-05 15:58:32.279 +02:00 [INF] Setting HTTP status code 200.
2025-08-05 15:58:32.283 +02:00 [INF] Writing value of type 'OrderResponse' as Json.
2025-08-05 15:58:32.287 +02:00 [INF] Executed endpoint 'HTTP: GET /orders/{orderNumber:guid}'
2025-08-05 15:58:32.287 +02:00 [INF] Request finished HTTP/2 GET https://localhost:7191/orders/18dd406c-02cc-4768-a2fd-183d1c2d2c58 - 200 null application/json; charset=utf-8 366.5176ms
2025-08-05 15:58:50.049 +02:00 [INF] Request starting HTTP/2 DELETE https://localhost:7191/orders/18dd406c-02cc-4768-a2fd-183d1c2d2c58 - null null
2025-08-05 15:58:50.051 +02:00 [INF] Executing endpoint 'HTTP: DELETE /orders/{orderNumber:guid}'
2025-08-05 15:58:50.061 +02:00 [INF] Handling DeleteOrderCommandRequest
2025-08-05 15:58:50.159 +02:00 [INF] Handled DeleteOrderCommandRequest
2025-08-05 15:58:50.160 +02:00 [INF] Setting HTTP status code 204.
2025-08-05 15:58:50.160 +02:00 [INF] Executed endpoint 'HTTP: DELETE /orders/{orderNumber:guid}'
2025-08-05 15:58:50.160 +02:00 [INF] Request finished HTTP/2 DELETE https://localhost:7191/orders/18dd406c-02cc-4768-a2fd-183d1c2d2c58 - 204 null null 111.1596ms
